c:\users\drachi\downloads\renderers\vulky\vulky\x64\release\vc142.pdb
c:\users\drachi\downloads\renderers\vulky\vulky\x64\release\vulkanhelper.nativecodeanalysis.sarif
c:\users\drachi\downloads\renderers\vulky\vulky\x64\release\vulkanhelper.nativecodeanalysis.xml
c:\users\drachi\downloads\renderers\vulky\vulky\x64\release\main.nativecodeanalysis.sarif
c:\users\drachi\downloads\renderers\vulky\vulky\x64\release\main.nativecodeanalysis.xml
c:\users\drachi\downloads\renderers\vulky\vulky\x64\release\camera.nativecodeanalysis.sarif
c:\users\drachi\downloads\renderers\vulky\vulky\x64\release\camera.nativecodeanalysis.xml
c:\users\drachi\downloads\renderers\vulky\vulky\x64\release\app.nativecodeanalysis.sarif
c:\users\drachi\downloads\renderers\vulky\vulky\x64\release\app.nativecodeanalysis.xml
c:\users\drachi\downloads\renderers\vulky\vulky\x64\release\app.obj
c:\users\drachi\downloads\renderers\vulky\vulky\x64\release\camera.obj
c:\users\drachi\downloads\renderers\vulky\vulky\x64\release\main.obj
c:\users\drachi\downloads\renderers\vulky\vulky\x64\release\vulkanhelper.obj
c:\users\drachi\downloads\renderers\vulky\x64\release\vulky.exe
c:\users\drachi\downloads\renderers\vulky\x64\release\vulky.pdb
c:\users\drachi\downloads\renderers\vulky\x64\release\vulky.ipdb
c:\users\drachi\downloads\renderers\vulky\x64\release\vulky.iobj
c:\users\drachi\downloads\renderers\vulky\vulky\x64\release\nativecodeanalysis.read.1.tlog
c:\users\drachi\downloads\renderers\vulky\vulky\x64\release\vc.nativecodeanalysis.all.xml
c:\users\drachi\downloads\renderers\vulky\x64\release\vulky.exe.lastcodeanalysissucceeded
c:\users\drachi\downloads\renderers\vulky\vulky\x64\release\vulky.tlog\cl.command.1.tlog
c:\users\drachi\downloads\renderers\vulky\vulky\x64\release\vulky.tlog\cl.read.1.tlog
c:\users\drachi\downloads\renderers\vulky\vulky\x64\release\vulky.tlog\cl.write.1.tlog
c:\users\drachi\downloads\renderers\vulky\vulky\x64\release\vulky.tlog\link.command.1.tlog
c:\users\drachi\downloads\renderers\vulky\vulky\x64\release\vulky.tlog\link.read.1.tlog
c:\users\drachi\downloads\renderers\vulky\vulky\x64\release\vulky.tlog\link.write.1.tlog
c:\users\drachi\downloads\renderers\vulky\vulky\x64\release\vulky.tlog\vulky.write.1u.tlog
